floppy.c(169): Warning! W131: No prototype found for function 'receive'
floppy.c(171): Warning! W131: No prototype found for function 'panic'
floppy.c(177): Warning! W131: No prototype found for function 'do_rdwt'
floppy.c(186): Warning! W131: No prototype found for function 'send'
floppy.c(238): Warning! W131: No prototype found for function 'reset'
floppy.c(241): Warning! W131: No prototype found for function 'dma_setup'
floppy.c(244): Warning! W131: No prototype found for function 'start_motor'
floppy.c(247): Warning! W131: No prototype found for function 'seek'
floppy.c(251): Warning! W131: No prototype found for function 'transfer'
floppy.c(259): Warning! W131: No prototype found for function 'clock_mess'
floppy.c(303): Warning! W131: No prototype found for function 'lock'
floppy.c(304): Warning! W131: No prototype found for function 'port_out'
floppy.c(311): Warning! W131: No prototype found for function 'unlock'
floppy.c(313): Warning! W107: Missing return value for function 'dma_setup'
floppy.c(350): Warning! W107: Missing return value for function 'start_motor'
floppy.c(357): Warning! W137: Extern function 'stop_motor' redeclared as static
floppy.c(357): Note! I2002: 'stop_motor' defined in: floppy.c(199)
floppy.c(367): Warning! W107: Missing return value for function 'stop_motor'
floppy.c(384): Warning! W131: No prototype found for function 'recalibrate'
floppy.c(388): Warning! W131: No prototype found for function 'fdc_out'
floppy.c(396): Warning! W131: No prototype found for function 'fdc_results'
floppy.c(445): Warning! W131: No prototype found for function 'printk'
floppy.c(474): Warning! W131: No prototype found for function 'port_in'
floppy.c(521): Warning! W107: Missing return value for function 'fdc_out'
floppy.c(599): Warning! W107: Missing return value for function 'reset'
floppy.c(615): Warning! W131: No prototype found for function 'sendrec'
floppy.c(616): Warning! W107: Missing return value for function 'clock_mess'
floppy.c(623): Warning! W137: Extern function 'send_mess' redeclared as static
floppy.c(623): Note! I2002: 'send_mess' defined in: floppy.c(334)
floppy.c(628): Warning! W107: Missing return value for function 'send_mess'
