printer.c(70): Warning! W131: No prototype found for function 'print_init'
printer.c(73): Warning! W131: No prototype found for function 'receive'
printer.c(75): Warning! W131: No prototype found for function 'do_write'
printer.c(76): Warning! W131: No prototype found for function 'do_cancel'
printer.c(77): Warning! W131: No prototype found for function 'do_done'
printer.c(110): Warning! W131: No prototype found for function 'lock'
printer.c(120): Warning! W131: No prototype found for function 'port_in'
printer.c(123): Warning! W131: No prototype found for function 'pr_char'
printer.c(131): Warning! W131: No prototype found for function 'pr_error'
printer.c(140): Warning! W131: No prototype found for function 'reply'
printer.c(141): Warning! W107: Missing return value for function 'do_write'
printer.c(160): Warning! W107: Missing return value for function 'do_done'
printer.c(178): Warning! W107: Missing return value for function 'do_cancel'
printer.c(197): Warning! W131: No prototype found for function 'send'
printer.c(198): Warning! W107: Missing return value for function 'reply'
printer.c(209): Warning! W131: No prototype found for function 'printk'
printer.c(212): Warning! W107: Missing return value for function 'pr_error'
printer.c(227): Warning! W131: No prototype found for function 'port_out'
printer.c(230): Warning! W107: Missing return value for function 'print_init'
printer.c(274): Warning! W131: No prototype found for function 'interrupt'
printer.c(275): Warning! W107: Missing return value for function 'pr_char'
