system.c(85): Warning! W131: No prototype found for function 'receive'
system.c(88): Warning! W131: No prototype found for function 'do_fork'
system.c(89): Warning! W131: No prototype found for function 'do_newmap'
system.c(90): Warning! W131: No prototype found for function 'do_exec'
system.c(91): Warning! W131: No prototype found for function 'do_xit'
system.c(92): Warning! W131: No prototype found for function 'do_getsp'
system.c(93): Warning! W131: No prototype found for function 'do_times'
system.c(94): Warning! W131: No prototype found for function 'do_abort'
system.c(95): Warning! W131: No prototype found for function 'do_sig'
system.c(96): Warning! W131: No prototype found for function 'do_copy'
system.c(101): Warning! W131: No prototype found for function 'send'
system.c(174): Warning! W131: No prototype found for function 'panic'
system.c(177): Warning! W131: No prototype found for function 'phys_copy'
system.c(189): Warning! W131: No prototype found for function 'ready'
system.c(215): Warning! W131: No prototype found for function 'set_name'
system.c(241): Warning! W131: No prototype found for function 'unready'
system.c(327): Warning! W107: Missing return value for function 'do_abort'
system.c(355): Warning! W131: No prototype found for function 'build_sig'
system.c(433): Warning! W131: No prototype found for function 'inform'
system.c(434): Warning! W107: Missing return value for function 'cause_sig'
system.c(463): Warning! W131: No prototype found for function 'mini_send'
system.c(468): Warning! W107: Missing return value for function 'inform'
system.c(490): Warning! W136: Comparison equivalent to 'unsigned == 0'
