wini.c(98): Warning! W131: No prototype found for function 'init_params'
wini.c(106): Warning! W131: No prototype found for function 'receive'
wini.c(108): Warning! W131: No prototype found for function 'printk'
wini.c(117): Warning! W131: No prototype found for function 'w_do_rdwt'
wini.c(126): Warning! W131: No prototype found for function 'send'
wini.c(173): Warning! W131: No prototype found for function 'w_reset'
wini.c(176): Warning! W131: No prototype found for function 'w_transfer'
wini.c(208): Warning! W131: No prototype found for function 'com_out'
wini.c(217): Warning! W131: No prototype found for function 'win_results'
wini.c(221): Warning! W131: No prototype found for function 'port_read'
wini.c(227): Warning! W131: No prototype found for function 'port_in'
wini.c(235): Warning! W131: No prototype found for function 'port_write'
wini.c(263): Warning! W131: No prototype found for function 'lock'
wini.c(264): Warning! W131: No prototype found for function 'port_out'
wini.c(268): Warning! W131: No prototype found for function 'unlock'
wini.c(269): Warning! W131: No prototype found for function 'drive_busy'
wini.c(284): Warning! W131: No prototype found for function 'win_init'
wini.c(423): Warning! W131: No prototype found for function 'phys_copy'
wini.c(426): Warning! W131: No prototype found for function 'copy_params'
wini.c(460): Warning! W131: No prototype found for function 'delay'
wini.c(468): Warning! W131: No prototype found for function 'copy_prt'
wini.c(470): Warning! W107: Missing return value for function 'init_params'
wini.c(495): Warning! W107: Missing return value for function 'copy_params'
wini.c(523): Warning! W131: No prototype found for function 'sort'
wini.c(524): Warning! W107: Missing return value for function 'copy_prt'
wini.c(540): Warning! W107: Missing return value for function 'sort'
wini.c(549): Warning! W107: Missing return value for function 'delay'
