main.c(44): Warning! W131: No prototype found for function 'fs_init'
main.c(48): Warning! W131: No prototype found for function 'get_work'
main.c(62): Warning! W131: No prototype found for function 'reply'
main.c(63): Warning! W131: No prototype found for function 'read_ahead'
main.c(93): Warning! W131: No prototype found for function 'panic'
main.c(97): Warning! W131: No prototype found for function 'receive'
main.c(101): Warning! W107: Missing return value for function 'get_work'
main.c(117): Warning! W131: No prototype found for function 'send'
main.c(118): Warning! W107: Missing return value for function 'reply'
main.c(131): Warning! W131: No prototype found for function 'buf_pool'
main.c(132): Warning! W131: No prototype found for function 'load_ram'
main.c(133): Warning! W131: No prototype found for function 'load_super'
main.c(140): Warning! W131: No prototype found for function 'dup_inode'
main.c(156): Warning! W107: Missing return value for function 'fs_init'
main.c(211): Warning! W107: Missing return value for function 'buf_pool'
main.c(258): Warning! W131: No prototype found for function 'sendrec'
main.c(283): Warning! W107: Missing return value for function 'load_ram'
main.c(303): Warning! W131: No prototype found for function 'rw_super'
main.c(315): Warning! W131: No prototype found for function 'load_bit_maps'
main.c(317): Warning! W107: Missing return value for function 'load_super'
