signal.c(74): Warning! W131: No prototype found for function 'check_sig'
signal.c(106): Warning! W131: No prototype found for function 'stack_fault'
signal.c(175): Warning! W131: No prototype found for function 'sig_proc'
signal.c(178): Warning! W131: No prototype found for function 'unpause'
signal.c(211): Warning! W131: No prototype found for function 'sys_getsp'
signal.c(213): Warning! W131: No prototype found for function 'adjust'
signal.c(214): Warning! W131: No prototype found for function 'sys_sig'
signal.c(222): Warning! W131: No prototype found for function 'dump_core'
signal.c(223): Warning! W131: No prototype found for function 'mm_exit'
signal.c(224): Warning! W107: Missing return value for function 'sig_proc'
signal.c(238): Warning! W131: No prototype found for function 'set_alarm'
signal.c(265): Warning! W131: No prototype found for function 'sendrec'
signal.c(265): Warning! W131: No prototype found for function 'panic'
signal.c(304): Warning! W131: No prototype found for function 'reply'
signal.c(316): Warning! W131: No prototype found for function 'tell_fs'
signal.c(319): Warning! W107: Missing return value for function 'unpause'
signal.c(347): Warning! W131: No prototype found for function 'allowed'
signal.c(350): Warning! W131: No prototype found for function 'close'
signal.c(356): Warning! W131: No prototype found for function 'creat'
signal.c(364): Warning! W131: No prototype found for function 'write'
signal.c(380): Warning! W131: No prototype found for function 'mem_copy'
signal.c(397): Warning! W107: Missing return value for function 'dump_core'
